<?xml version="1.0" encoding="UTF-8"?>
<testsuite xmlns:xsi="http://www.w3.org/2001/XMLSchema-instance" xsi:noNamespaceSchemaLocation="https://maven.apache.org/surefire/maven-surefire-plugin/xsd/surefire-test-report-3.0.xsd" version="3.0" name="PizzaTests" time="0.115" tests="18" errors="0" skipped="0" failures="0">
  <properties>
[...]
</properties>
  <testcase name="GreekPizzaTest_1" classname="PizzaTests" time="0.009"/>
  <testcase name="GreekPizzaTest_2" classname="PizzaTests" time="0.0"/>
  <testcase name="GreekPizzaTest_3" classname="PizzaTests" time="0.01"/>
  <testcase name="GreekPizzaTest_4" classname="PizzaTests" time="0.001"/>
  <testcase name="GlutenFreePizzaTest_1" classname="PizzaTests" time="0.001"/>
  <testcase name="GlutenFreePizzaTest_2" classname="PizzaTests" time="0.0"/>
  <testcase name="GlutenFreePizzaTest_3" classname="PizzaTests" time="0.0"/>
  <testcase name="GlutenFreePizzaTest_4" classname="PizzaTests" time="0.003"/>
  <testcase name="PepperoniPizzaTest_1" classname="PizzaTests" time="0.0"/>
  <testcase name="PepperoniPizzaTest_2" classname="PizzaTests" time="0.0"/>
  <testcase name="PepperoniPizzaTest_3" classname="PizzaTests" time="0.0"/>
  <testcase name="PepperoniPizzaTest_4" classname="PizzaTests" time="0.001"/>
  <testcase name="errHelloAgain" classname="PizzaTests" time="0.003"/>
  <testcase name="CheesePizzaTest_1" classname="PizzaTests" time="0.003"/>
  <testcase name="CheesePizzaTest_2" classname="PizzaTests" time="0.001"/>
  <testcase name="CheesePizzaTest_3" classname="PizzaTests" time="0.002"/>
  <testcase name="CheesePizzaTest_4" classname="PizzaTests" time="0.0"/>
  <testcase name="outHelloCheck" classname="PizzaTests" time="0.004"/>
</testsuite>